Using pre-set license
Built from '2020.3/staging' branch; Version is '2020.3.0f1 (c7b5465681fb) revision 13088070'; Using compiler version '192528614'; Build Type 'Release'
OS: 'Windows 10 Pro; OS build 19041.985; Version 2004; 64bit' Language: 'ru' Physical Memory: 32690 MB
BatchMode: 1, IsHumanControllingUs: 0, StartBugReporterOnCrash: 0, Is64bit: 1, IsPro: 0

 COMMAND LINE ARGUMENTS:
C:\Program Files\Unity\Hub\Editor\2020.3.0f1\Editor\Unity.exe
-adb2
-batchMode
-noUpm
-name
AssetImportWorker0
-projectPath
D:/Programm/Mini-Jam-81/Mini Jam 81
-logFile
Logs/AssetImportWorker0.log
-srvPort
2865
Successfully changed project path to: D:/Programm/Mini-Jam-81/Mini Jam 81
D:/Programm/Mini-Jam-81/Mini Jam 81
Using Asset Import Pipeline V2.
Refreshing native plugins compatible for Editor in 33.20 ms, found 1 plugins.
Preloading 0 native plugins for Editor in 0.00 ms.
Initialize engine version: 2020.3.0f1 (c7b5465681fb)
[Subsystems] Discovering subsystems at path C:/Program Files/Unity/Hub/Editor/2020.3.0f1/Editor/Data/Resources/UnitySubsystems
[Subsystems] Discovering subsystems at path D:/Programm/Mini-Jam-81/Mini Jam 81/Assets
GfxDevice: creating device client; threaded=0
Direct3D:
    Version:  Direct3D 11.0 [level 11.1]
    Renderer: NVIDIA GeForce RTX 2070 (ID=0x1f02)
    Vendor:   
    VRAM:     8031 MB
    Driver:   27.21.14.6611
Initialize mono
Mono path[0] = 'C:/Program Files/Unity/Hub/Editor/2020.3.0f1/Editor/Data/Managed'
Mono path[1] = 'C:/Program Files/Unity/Hub/Editor/2020.3.0f1/Editor/Data/MonoBleedingEdge/lib/mono/unityjit'
Mono config path = 'C:/Program Files/Unity/Hub/Editor/2020.3.0f1/Editor/Data/MonoBleedingEdge/etc'
Using monoOptions --debugger-agent=transport=dt_socket,embedding=1,server=y,suspend=n,address=127.0.0.1:56392
Begin MonoManager ReloadAssembly
Registering precompiled unity dll's ...
Register platform support module: C:/Program Files/Unity/Hub/Editor/2020.3.0f1/Editor/Data/PlaybackEngines/WebGLSupport/UnityEditor.WebGL.Extensions.dll
Register platform support module: C:/Program Files/Unity/Hub/Editor/2020.3.0f1/Editor/Data/PlaybackEngines/MacStandaloneSupport/UnityEditor.OSXStandalone.Extensions.dll
Register platform support module: C:/Program Files/Unity/Hub/Editor/2020.3.0f1/Editor/Data/PlaybackEngines/WindowsStandaloneSupport/UnityEditor.WindowsStandalone.Extensions.dll
Register platform support module: C:/Program Files/Unity/Hub/Editor/2020.3.0f1/Editor/Data/PlaybackEngines/LinuxStandaloneSupport/UnityEditor.LinuxStandalone.Extensions.dll
Registered in 0.005261 seconds.
Native extension for LinuxStandalone target not found
Native extension for WindowsStandalone target not found
Native extension for OSXStandalone target not found
Native extension for WebGL target not found
Refreshing native plugins compatible for Editor in 30.65 ms, found 1 plugins.
Preloading 0 native plugins for Editor in 0.00 ms.
Invoked RoslynAnalysisRunner static constructor.
RoslynAnalysisRunner will not be running.
RoslynAnalysisRunner has terminated.
Mono: successfully reloaded assembly
- Completed reload, in  2.050 seconds
Platform modules already initialized, skipping
Registering precompiled user dll's ...
Registered in 0.000997 seconds.
Begin MonoManager ReloadAssembly
Symbol file data-000001F0F5D4D010 doesn't match image D:\Programm\Mini-Jam-81\Mini Jam 81\Library\ScriptAssemblies\Unity.2D.Animation.Editor.dll
Symbol file LoadedFromMemory is not a mono symbol file
Symbol file data-000001F0F5581000 doesn't match image D:\Programm\Mini-Jam-81\Mini Jam 81\Library\ScriptAssemblies\Unity.InternalAPIEngineBridge.001.dll
Symbol file LoadedFromMemory is not a mono symbol file
Symbol file data-000001F0FB3E0250 doesn't match image D:\Programm\Mini-Jam-81\Mini Jam 81\Library\ScriptAssemblies\Unity.VSCode.Editor.dll
Symbol file LoadedFromMemory is not a mono symbol file
Symbol file data-000001F0FB618070 doesn't match image D:\Programm\Mini-Jam-81\Mini Jam 81\Library\ScriptAssemblies\Unity.2D.PixelPerfect.dll
Symbol file LoadedFromMemory is not a mono symbol file
Symbol file data-000001F0F54E5240 doesn't match image D:\Programm\Mini-Jam-81\Mini Jam 81\Library\ScriptAssemblies\PsdPlugin.dll
Symbol file LoadedFromMemory is not a mono symbol file
Symbol file data-000001F0F56C93F0 doesn't match image D:\Programm\Mini-Jam-81\Mini Jam 81\Library\ScriptAssemblies\Unity.TextMeshPro.Editor.dll
Symbol file LoadedFromMemory is not a mono symbol file
Symbol file data-000001F0FB3FC020 doesn't match image D:\Programm\Mini-Jam-81\Mini Jam 81\Library\ScriptAssemblies\Unity.VisualStudio.Editor.dll
Symbol file LoadedFromMemory is not a mono symbol file
Symbol file data-000001F0F54E5240 doesn't match image D:\Programm\Mini-Jam-81\Mini Jam 81\Library\ScriptAssemblies\UnityEngine.TestRunner.dll
Symbol file LoadedFromMemory is not a mono symbol file
Symbol file data-000001F0F54E5240 doesn't match image D:\Programm\Mini-Jam-81\Mini Jam 81\Library\ScriptAssemblies\Unity.Timeline.dll
Symbol file LoadedFromMemory is not a mono symbol file
Symbol file data-000001F0FAA84040 doesn't match image D:\Programm\Mini-Jam-81\Mini Jam 81\Library\ScriptAssemblies\Unity.TextMeshPro.dll
Symbol file LoadedFromMemory is not a mono symbol file
Symbol file data-000001F0F5D6C420 doesn't match image D:\Programm\Mini-Jam-81\Mini Jam 81\Library\ScriptAssemblies\UnityEditor.TestRunner.dll
Symbol file LoadedFromMemory is not a mono symbol file
Symbol file data-000001F0FB3E0250 doesn't match image D:\Programm\Mini-Jam-81\Mini Jam 81\Library\ScriptAssemblies\Unity.2D.IK.Editor.dll
Symbol file LoadedFromMemory is not a mono symbol file
Symbol file data-000001F0FB4E9C40 doesn't match image D:\Programm\Mini-Jam-81\Mini Jam 81\Library\ScriptAssemblies\Unity.2D.Psdimporter.Editor.dll
Symbol file LoadedFromMemory is not a mono symbol file
Symbol file data-000001F0F54E5240 doesn't match image D:\Programm\Mini-Jam-81\Mini Jam 81\Library\ScriptAssemblies\Unity.2D.Path.Editor.dll
Symbol file LoadedFromMemory is not a mono symbol file
Symbol file data-000001F0FB190440 doesn't match image D:\Programm\Mini-Jam-81\Mini Jam 81\Library\ScriptAssemblies\Unity.InternalAPIEditorBridge.001.dll
Symbol file LoadedFromMemory is not a mono symbol file
Symbol file data-000001F0F54E5240 doesn't match image D:\Programm\Mini-Jam-81\Mini Jam 81\Library\ScriptAssemblies\Unity.Rider.Editor.dll
Symbol file LoadedFromMemory is not a mono symbol file
Symbol file data-000001F0F9F74010 doesn't match image D:\Programm\Mini-Jam-81\Mini Jam 81\Library\ScriptAssemblies\Unity.Mathematics.dll
Symbol file LoadedFromMemory is not a mono symbol file
Symbol file data-000001F0FB3E0250 doesn't match image D:\Programm\Mini-Jam-81\Mini Jam 81\Library\ScriptAssemblies\Unity.2D.IK.Runtime.dll
Symbol file LoadedFromMemory is not a mono symbol file
Symbol file data-000001F0FA28E020 doesn't match image D:\Programm\Mini-Jam-81\Mini Jam 81\Library\ScriptAssemblies\Unity.2D.Animation.Triangle.Runtime.dll
Symbol file LoadedFromMemory is not a mono symbol file
Symbol file data-000001F0F5959050 doesn't match image D:\Programm\Mini-Jam-81\Mini Jam 81\Library\ScriptAssemblies\Unity.2D.Animation.Runtime.dll
Symbol file LoadedFromMemory is not a mono symbol file
Symbol file data-000001F0F57C0730 doesn't match image D:\Programm\Mini-Jam-81\Mini Jam 81\Library\ScriptAssemblies\Unity.2D.PixelPerfect.Editor.dll
Symbol file LoadedFromMemory is not a mono symbol file
Symbol file data-000001F0FA28E020 doesn't match image D:\Programm\Mini-Jam-81\Mini Jam 81\Library\ScriptAssemblies\Unity.Timeline.Editor.dll
Symbol file LoadedFromMemory is not a mono symbol file
Symbol file data-000001F0F54E5240 doesn't match image D:\Programm\Mini-Jam-81\Mini Jam 81\Library\ScriptAssemblies\Unity.CollabProxy.Editor.dll
Symbol file LoadedFromMemory is not a mono symbol file
Symbol file data-000001F0F5531A50 doesn't match image D:\Programm\Mini-Jam-81\Mini Jam 81\Library\ScriptAssemblies\Unity.Mathematics.Editor.dll
Symbol file LoadedFromMemory is not a mono symbol file
Symbol file data-000001F0F574C800 doesn't match image D:\Programm\Mini-Jam-81\Mini Jam 81\Library\ScriptAssemblies\Unity.2D.Common.Runtime.dll
Symbol file LoadedFromMemory is not a mono symbol file
Symbol file data-000001F0F54E5240 doesn't match image D:\Programm\Mini-Jam-81\Mini Jam 81\Library\ScriptAssemblies\Unity.2D.SpriteShape.Editor.dll
Symbol file LoadedFromMemory is not a mono symbol file
Symbol file data-000001F0F5D38A90 doesn't match image D:\Programm\Mini-Jam-81\Mini Jam 81\Library\ScriptAssemblies\Unity.2D.Common.Editor.dll
Symbol file LoadedFromMemory is not a mono symbol file
Symbol file data-000001F0FA23A020 doesn't match image D:\Programm\Mini-Jam-81\Mini Jam 81\Library\ScriptAssemblies\Unity.2D.SpriteShape.Runtime.dll
Symbol file LoadedFromMemory is not a mono symbol file
Native extension for LinuxStandalone target not found
Native extension for WindowsStandalone target not found
Native extension for OSXStandalone target not found
Native extension for WebGL target not found
Refreshing native plugins compatible for Editor in 32.71 ms, found 1 plugins.
Preloading 0 native plugins for Editor in 0.00 ms.
Invoked RoslynAnalysisRunner static constructor.
RoslynAnalysisRunner will not be running.
RoslynAnalysisRunner has terminated.
Mono: successfully reloaded assembly
- Completed reload, in  0.894 seconds
Platform modules already initialized, skipping
========================================================================
Worker process is ready to serve import requests
Launched and connected shader compiler UnityShaderCompiler.exe after 0.04 seconds
Refreshing native plugins compatible for Editor in 0.32 ms, found 1 plugins.
Preloading 0 native plugins for Editor in 0.00 ms.
Unloading 1831 Unused Serialized files (Serialized files now loaded: 0)
System memory in use before: 86.7 MB.
System memory in use after: 86.6 MB.

Unloading 24 unused Assets to reduce memory usage. Loaded Objects now: 2274.
Total: 1.964300 ms (FindLiveObjects: 0.177300 ms CreateObjectMapping: 0.206700 ms MarkObjects: 1.422200 ms  DeleteObjects: 0.157300 ms)

========================================================================
Received Import Request.
  path: Assets/Godzilla/FBX/TurtleMonster3.FBX
  artifactKey: Guid(fce841607c28db14c8e5079da8c2e467) Importer(815301076,1909f56bfc062723c751e8b465ee728b)
Start importing Assets/Godzilla/FBX/TurtleMonster3.FBX using Guid(fce841607c28db14c8e5079da8c2e467) Importer(815301076,1909f56bfc062723c751e8b465ee728b)  -> (artifact id: 'e6623f87270fc6babd64a176cac5e093') in 0.157696 seconds
  Import took 0.160387 seconds .

========================================================================
Received Import Request.
  Time since last request: 0.000173 seconds.
  path: Assets/Godzilla/Material/TurtleMonster2.mat
  artifactKey: Guid(4eb88c5720e0d7c4fa866e6e0ec0326e) Importer(815301076,1909f56bfc062723c751e8b465ee728b)
Start importing Assets/Godzilla/Material/TurtleMonster2.mat using Guid(4eb88c5720e0d7c4fa866e6e0ec0326e) Importer(815301076,1909f56bfc062723c751e8b465ee728b)  -> (artifact id: '9cbe8eb3331a5c45e023ff1656d7c877') in 0.232072 seconds
  Import took 0.234648 seconds .

========================================================================
Received Import Request.
  Time since last request: 0.000160 seconds.
  path: Assets/Godzilla/FBX/TurtleMonster2.FBX
  artifactKey: Guid(c8329d22e8b27d64bb86b40ebdddd72c) Importer(815301076,1909f56bfc062723c751e8b465ee728b)
Start importing Assets/Godzilla/FBX/TurtleMonster2.FBX using Guid(c8329d22e8b27d64bb86b40ebdddd72c) Importer(815301076,1909f56bfc062723c751e8b465ee728b)  -> (artifact id: 'c4a67af816c273829e3b1ccc7cc3793a') in 0.019405 seconds
  Import took 0.022111 seconds .

========================================================================
Received Import Request.
  Time since last request: 0.000193 seconds.
  path: Assets/Godzilla/FBX/TurtleMonster3_Animation.FBX
  artifactKey: Guid(90f4780a7aff1ac42a7fad1ca864c7ec) Importer(815301076,1909f56bfc062723c751e8b465ee728b)
Start importing Assets/Godzilla/FBX/TurtleMonster3_Animation.FBX using Guid(90f4780a7aff1ac42a7fad1ca864c7ec) Importer(815301076,1909f56bfc062723c751e8b465ee728b)  -> (artifact id: '9de7f9675af666768cdc8c5a32216d99') in 0.007431 seconds
  Import took 0.010399 seconds .

========================================================================
Received Import Request.
  Time since last request: 0.000319 seconds.
  path: Assets/Godzilla/FBX/TurtleMonster1.FBX
  artifactKey: Guid(f65646c273390f24a8fae01c184bdb49) Importer(815301076,1909f56bfc062723c751e8b465ee728b)
Start importing Assets/Godzilla/FBX/TurtleMonster1.FBX using Guid(f65646c273390f24a8fae01c184bdb49) Importer(815301076,1909f56bfc062723c751e8b465ee728b)  -> (artifact id: '93df193001094abecf80106e49d3ba1d') in 0.018690 seconds
  Import took 0.021347 seconds .

========================================================================
Received Import Request.
  Time since last request: 0.000178 seconds.
  path: Assets/Godzilla/FBX/TurtleMonster2_Animation.FBX
  artifactKey: Guid(69f01308670e14446989c6a5b4baf3b9) Importer(815301076,1909f56bfc062723c751e8b465ee728b)
Start importing Assets/Godzilla/FBX/TurtleMonster2_Animation.FBX using Guid(69f01308670e14446989c6a5b4baf3b9) Importer(815301076,1909f56bfc062723c751e8b465ee728b)  -> (artifact id: '0574106c564fcbc88e1f364b9ad696ad') in 0.005770 seconds
  Import took 0.008270 seconds .

========================================================================
Received Import Request.
  Time since last request: 0.000143 seconds.
  path: Assets/Godzilla/Material/TurtleMonster1.mat
  artifactKey: Guid(3141de95bfcb4ca4da1cd6c050e97043) Importer(815301076,1909f56bfc062723c751e8b465ee728b)
Start importing Assets/Godzilla/Material/TurtleMonster1.mat using Guid(3141de95bfcb4ca4da1cd6c050e97043) Importer(815301076,1909f56bfc062723c751e8b465ee728b)  -> (artifact id: 'da5885ace42364a99041a966a74c987c') in 0.219380 seconds
  Import took 0.221714 seconds .

========================================================================
Received Import Request.
  Time since last request: 0.000230 seconds.
  path: Assets/Godzilla/FBX/TurtleMonster1_Animation.FBX
  artifactKey: Guid(218124aeab663bb4c90234ea40582f3e) Importer(815301076,1909f56bfc062723c751e8b465ee728b)
Start importing Assets/Godzilla/FBX/TurtleMonster1_Animation.FBX using Guid(218124aeab663bb4c90234ea40582f3e) Importer(815301076,1909f56bfc062723c751e8b465ee728b)  -> (artifact id: '74d652edbd95b6b09b5963186b8cfd1f') in 0.005103 seconds
  Import took 0.007402 seconds .

========================================================================
Received Import Request.
  Time since last request: 0.000501 seconds.
  path: Assets/Godzilla/Demo/Ground.mat
  artifactKey: Guid(cade17e96721c4e2b80a41aebee8cca4) Importer(815301076,1909f56bfc062723c751e8b465ee728b)
Start importing Assets/Godzilla/Demo/Ground.mat using Guid(cade17e96721c4e2b80a41aebee8cca4) Importer(815301076,1909f56bfc062723c751e8b465ee728b)  -> (artifact id: 'a9c722e67b8d28dafa56a4264fb4ac7c') in 0.007278 seconds
  Import took 0.009816 seconds .

========================================================================
Received Import Request.
  Time since last request: 0.000235 seconds.
  path: Assets/Godzilla/Material/TurtleMonster3.mat
  artifactKey: Guid(fe5662b2ab0c4874b863f63ffc62c47c) Importer(815301076,1909f56bfc062723c751e8b465ee728b)
Start importing Assets/Godzilla/Material/TurtleMonster3.mat using Guid(fe5662b2ab0c4874b863f63ffc62c47c) Importer(815301076,1909f56bfc062723c751e8b465ee728b)  -> (artifact id: 'cbf94def393ff26c52dab9c2eaf8c0ca') in 0.009880 seconds
  Import took 0.012422 seconds .

========================================================================
Received Import Request.
  Time since last request: 14.586027 seconds.
  path: Assets/Godzilla/Prefab/TurtleMonster1.prefab
  artifactKey: Guid(19826f72392683345a9b8dea2a615c8e) Importer(815301076,1909f56bfc062723c751e8b465ee728b)
Start importing Assets/Godzilla/Prefab/TurtleMonster1.prefab using Guid(19826f72392683345a9b8dea2a615c8e) Importer(815301076,1909f56bfc062723c751e8b465ee728b)  -> (artifact id: 'f2c65a294634dd46399fbd92b820018b') in 0.016768 seconds
  Import took 0.019657 seconds .

========================================================================
Received Import Request.
  Time since last request: 0.000257 seconds.
  path: Assets/Godzilla/Prefab/TurtleMonster3.prefab
  artifactKey: Guid(d22eedc2721954048930bf527fa43087) Importer(815301076,1909f56bfc062723c751e8b465ee728b)
Start importing Assets/Godzilla/Prefab/TurtleMonster3.prefab using Guid(d22eedc2721954048930bf527fa43087) Importer(815301076,1909f56bfc062723c751e8b465ee728b)  -> (artifact id: '7ca06c094a79dbdbe65432605f95d31b') in 0.013293 seconds
  Import took 0.015851 seconds .

========================================================================
Received Import Request.
  Time since last request: 0.000287 seconds.
  path: Assets/Godzilla/Prefab/TurtleMonster2.prefab
  artifactKey: Guid(cd1d9dfd8f6e4764189e9ab323c03eae) Importer(815301076,1909f56bfc062723c751e8b465ee728b)
Start importing Assets/Godzilla/Prefab/TurtleMonster2.prefab using Guid(cd1d9dfd8f6e4764189e9ab323c03eae) Importer(815301076,1909f56bfc062723c751e8b465ee728b)  -> (artifact id: '4e1634264b326340a9bd67c7384d562a') in 0.024290 seconds
  Import took 0.027309 seconds .

